ArchiveFileRule INFO - Perform screening task with id [11939] by screener with id [100].
ArchiveFileRule WARN - Failure: The submission file [dev_rule_ZipFileRule.zip] does not have .jar as its extension.
DirectoryStructureRule INFO - Perform screening task with id [11939] by screener with id [100].
DirectoryStructureRule FATAL - Error: com.cronos.onlinereview.autoscreening.tool.ScreeningException: The property [unzipped_submission_directory] does not exist in the screening context or its value is null.
	at com.cronos.onlinereview.autoscreening.tool.rules.RuleUtils.getContextProperty(RuleUtils.java:262)
	at com.cronos.onlinereview.autoscreening.tool.rules.DirectoryStructureRule.screenWithoutLog(DirectoryStructureRule.java:146)
	at com.cronos.onlinereview.autoscreening.tool.rules.DirectoryStructureRule.screen(DirectoryStructureRule.java:126)
	at com.cronos.onlinereview.autoscreening.tool.ScreeningLogic.screen(ScreeningLogic.java:270)
	at com.cronos.onlinereview.autoscreening.tool.Screener.screen(Screener.java:651)
	at com.cronos.onlinereview.autoscreening.tool.ScreeningTool$ScreeningJob.run(ScreeningTool.java:87)
	at java.lang.Thread.run(Unknown Source)

ComponentSpecificationRule INFO - Perform screening task with id [11939] by screener with id [100].
ComponentSpecificationRule FATAL - Error: com.cronos.onlinereview.autoscreening.tool.ScreeningException: The property [unzipped_submission_directory] does not exist in the screening context or its value is null.
	at com.cronos.onlinereview.autoscreening.tool.rules.RuleUtils.getContextProperty(RuleUtils.java:262)
	at com.cronos.onlinereview.autoscreening.tool.rules.ComponentSpecificationRule.screenWithoutLog(ComponentSpecificationRule.java:162)
	at com.cronos.onlinereview.autoscreening.tool.rules.ComponentSpecificationRule.screen(ComponentSpecificationRule.java:142)
	at com.cronos.onlinereview.autoscreening.tool.ScreeningLogic.screen(ScreeningLogic.java:270)
	at com.cronos.onlinereview.autoscreening.tool.Screener.screen(Screener.java:651)
	at com.cronos.onlinereview.autoscreening.tool.ScreeningTool$ScreeningJob.run(ScreeningTool.java:87)
	at java.lang.Thread.run(Unknown Source)

PersonalInfoRule INFO - Perform screening task with id [11939] by screener with id [100].
PersonalInfoRule FATAL - Error: com.cronos.onlinereview.autoscreening.tool.ScreeningException: The property [unzipped_submission_directory] does not exist in the screening context or its value is null.
	at com.cronos.onlinereview.autoscreening.tool.rules.RuleUtils.getContextProperty(RuleUtils.java:262)
	at com.cronos.onlinereview.autoscreening.tool.rules.PersonalInfoRule.screenWithoutLog(PersonalInfoRule.java:119)
	at com.cronos.onlinereview.autoscreening.tool.rules.PersonalInfoRule.screen(PersonalInfoRule.java:99)
	at com.cronos.onlinereview.autoscreening.tool.ScreeningLogic.screen(ScreeningLogic.java:270)
	at com.cronos.onlinereview.autoscreening.tool.Screener.screen(Screener.java:651)
	at com.cronos.onlinereview.autoscreening.tool.ScreeningTool$ScreeningJob.run(ScreeningTool.java:87)
	at java.lang.Thread.run(Unknown Source)

PoseidonExtractRule INFO - Perform screening task with id [11939] by screener with id [100].
PoseidonExtractRule FATAL - Error: com.cronos.onlinereview.autoscreening.tool.ScreeningException: The property [unzipped_submission_directory] does not exist in the screening context or its value is null.
	at com.cronos.onlinereview.autoscreening.tool.rules.RuleUtils.getContextProperty(RuleUtils.java:262)
	at com.cronos.onlinereview.autoscreening.tool.rules.PoseidonExtractRule.screenWithoutLog(PoseidonExtractRule.java:181)
	at com.cronos.onlinereview.autoscreening.tool.rules.PoseidonExtractRule.screen(PoseidonExtractRule.java:161)
	at com.cronos.onlinereview.autoscreening.tool.ScreeningLogic.screen(ScreeningLogic.java:270)
	at com.cronos.onlinereview.autoscreening.tool.Screener.screen(Screener.java:651)
	at com.cronos.onlinereview.autoscreening.tool.ScreeningTool$ScreeningJob.run(ScreeningTool.java:87)
	at java.lang.Thread.run(Unknown Source)

PoseidonDiagramRule INFO - Perform screening task with id [11939] by screener with id [100].
PoseidonDiagramRule FATAL - Error: com.cronos.onlinereview.autoscreening.tool.ScreeningException: The property [extracted_xmi_file] does not exist in the screening context or its value is null.
	at com.cronos.onlinereview.autoscreening.tool.rules.RuleUtils.getContextProperty(RuleUtils.java:262)
	at com.cronos.onlinereview.autoscreening.tool.rules.PoseidonDiagramRule.screenWithoutLog(PoseidonDiagramRule.java:157)
	at com.cronos.onlinereview.autoscreening.tool.rules.PoseidonDiagramRule.screen(PoseidonDiagramRule.java:137)
	at com.cronos.onlinereview.autoscreening.tool.ScreeningLogic.screen(ScreeningLogic.java:270)
	at com.cronos.onlinereview.autoscreening.tool.Screener.screen(Screener.java:651)
	at com.cronos.onlinereview.autoscreening.tool.ScreeningTool$ScreeningJob.run(ScreeningTool.java:87)
	at java.lang.Thread.run(Unknown Source)

PoseidonExtractRule INFO - Cleanup screening task with id [11939] by screener with id [100].
PoseidonExtractRule FATAL - com.cronos.onlinereview.autoscreening.tool.ScreeningException: The property [extracted_zuml_file] does not exist in the screening context or its value is null.
	at com.cronos.onlinereview.autoscreening.tool.rules.RuleUtils.getContextProperty(RuleUtils.java:262)
	at com.cronos.onlinereview.autoscreening.tool.rules.PoseidonExtractRule.cleanup(PoseidonExtractRule.java:285)
	at com.cronos.onlinereview.autoscreening.tool.ScreeningLogic.cleanup(ScreeningLogic.java:287)
	at com.cronos.onlinereview.autoscreening.tool.Screener.screen(Screener.java:662)
	at com.cronos.onlinereview.autoscreening.tool.ScreeningTool$ScreeningJob.run(ScreeningTool.java:87)
	at java.lang.Thread.run(Unknown Source)

ArchiveFileRule INFO - Cleanup screening task with id [11939] by screener with id [100].
ArchiveFileRule FATAL - com.cronos.onlinereview.autoscreening.tool.ScreeningException: The property [unzipped_submission_directory] does not exist in the screening context or its value is null.
	at com.cronos.onlinereview.autoscreening.tool.rules.RuleUtils.getContextProperty(RuleUtils.java:262)
	at com.cronos.onlinereview.autoscreening.tool.rules.ArchiveFileRule.cleanup(ArchiveFileRule.java:313)
	at com.cronos.onlinereview.autoscreening.tool.ScreeningLogic.cleanup(ScreeningLogic.java:287)
	at com.cronos.onlinereview.autoscreening.tool.Screener.screen(Screener.java:662)
	at com.cronos.onlinereview.autoscreening.tool.ScreeningTool$ScreeningJob.run(ScreeningTool.java:87)
	at java.lang.Thread.run(Unknown Source)

ArchiveFileRule INFO - Perform screening task with id [11939] by screener with id [100].
ArchiveFileRule INFO - Success: OK. The submission archive was successfully unzipped to [E:\tcs\app\online_review\scripts\auto_screening\temp\design_rule_ComponentSpecificationRule.jar.contents].
DirectoryStructureRule INFO - Perform screening task with id [11939] by screener with id [100].
DirectoryStructureRule INFO - Success: OK. The directory structure of the submission is as expected.
ComponentSpecificationRule INFO - Perform screening task with id [11939] by screener with id [100].
ComponentSpecificationRule WARN - Failure: No component specification files are found in directory [E:\tcs\app\online_review\scripts\auto_screening\temp\design_rule_ComponentSpecificationRule.jar.contents\docs], or they are not of rtf type.
PersonalInfoRule INFO - Perform screening task with id [11939] by screener with id [100].
PersonalInfoRule INFO - Success: OK. There are no personal info in the submission.
PoseidonExtractRule INFO - Perform screening task with id [11939] by screener with id [100].
PoseidonExtractRule INFO - Success: OK. The 'zuml' or 'zargo' file is unzipped successfully.
PoseidonDiagramRule INFO - Perform screening task with id [11939] by screener with id [100].
PoseidonDiagramRule INFO - Success: Ok. The numbers of use case diagram, class diagram and sequence diagram [1, 3, 2] all meet the expected counts [1, 1, 1].
PoseidonExtractRule INFO - Cleanup screening task with id [11939] by screener with id [100].
PoseidonExtractRule INFO - OK. The temporary unzipped zuml directory [E:\tcs\app\online_review\scripts\auto_screening\temp\Web_Registration.zuml.contents] was deleted successfully.
ArchiveFileRule INFO - Cleanup screening task with id [11939] by screener with id [100].
ArchiveFileRule INFO - OK. The temporary unzipped submission directory [E:\tcs\app\online_review\scripts\auto_screening\temp\design_rule_ComponentSpecificationRule.jar.contents] was deleted successfully.
ArchiveFileRule INFO - Perform screening task with id [11939] by screener with id [100].
ArchiveFileRule INFO - Success: OK. The submission archive was successfully unzipped to [E:\tcs\app\online_review\scripts\auto_screening\temp\design_rule_ComponentSpecificationRule.jar.contents].
DirectoryStructureRule INFO - Perform screening task with id [11939] by screener with id [100].
DirectoryStructureRule WARN - Failure: File or directory [E:\tcs\app\online_review\scripts\auto_screening\temp\design_rule_ComponentSpecificationRule.jar.contents\.\src\java\tests] failed to pass the validation: The directory does not exist
DirectoryStructureRule WARN - Failure: File or directory [E:\tcs\app\online_review\scripts\auto_screening\temp\design_rule_ComponentSpecificationRule.jar.contents\.\log] failed to pass the validation: The directory does not exist
FileExtensionRule INFO - Perform screening task with id [11939] by screener with id [100].
FileExtensionRule INFO - Success: OK. Files with extension [.java] are found under directory [E:\tcs\app\online_review\scripts\auto_screening\temp\design_rule_ComponentSpecificationRule.jar.contents\src\java\main].
FileExtensionRule INFO - Perform screening task with id [11939] by screener with id [100].
FileExtensionRule WARN - Failure: No files with extension [.java] are found under directory [E:\tcs\app\online_review\scripts\auto_screening\temp\design_rule_ComponentSpecificationRule.jar.contents\src\java\tests].
CheckStyleRule INFO - Perform screening task with id [11939] by screener with id [100].
CheckStyleRule WARN - Failure: E:\tcs\app\online_review\scripts\auto_screening\temp\design_rule_ComponentSpecificationRule.jar.contents\src\java\main\com\topcoder\validation\emailconfirmation\EMailConfirmation.java:0: Got an exception - java.lang.RuntimeException: Unable to get class information for @throws tag 'InvalidAddressException'.
CheckStyleRule WARN - Failure: E:\tcs\app\online_review\scripts\auto_screening\temp\design_rule_ComponentSpecificationRule.jar.contents\src\java\main\com\topcoder\validation\emailconfirmation\EMailConfirmation.java:228:5: Executable statement count is 38 (max allowed is 30).
CheckStyleRule WARN - Failure: E:\tcs\app\online_review\scripts\auto_screening\temp\design_rule_ComponentSpecificationRule.jar.contents\src\java\main\com\topcoder\validation\emailconfirmation\EMailConfirmation.java:308:11: Catching 'Exception' is not allowed.
CheckStyleRule WARN - Failure: E:\tcs\app\online_review\scripts\auto_screening\temp\design_rule_ComponentSpecificationRule.jar.contents\src\java\main\com\topcoder\web\registration\Helper.java:0: Got an exception - java.lang.RuntimeException: Unable to get class information for @throws tag 'JspTagException'.
CheckStyleRule WARN - Failure: E:\tcs\app\online_review\scripts\auto_screening\temp\design_rule_ComponentSpecificationRule.jar.contents\src\java\main\com\topcoder\web\registration\Helper.java:28: warning: Type Javadoc tag @author must match pattern '^[a-zA-Z0-9]+, TCSDEVELOPER$'.
CheckStyleRule WARN - Failure: E:\tcs\app\online_review\scripts\auto_screening\temp\design_rule_ComponentSpecificationRule.jar.contents\src\java\main\com\topcoder\web\registration\jsptags\DoAfterPhaseTag.java:0: Got an exception - java.lang.RuntimeException: Unable to get class information for @throws tag 'JspTagException'.
CheckStyleRule WARN - Failure: E:\tcs\app\online_review\scripts\auto_screening\temp\design_rule_ComponentSpecificationRule.jar.contents\src\java\main\com\topcoder\web\registration\jsptags\ErrorTag.java:0: Got an exception - java.lang.RuntimeException: Unable to get class information for @throws tag 'JspTagException'.
CheckStyleRule WARN - Failure: E:\tcs\app\online_review\scripts\auto_screening\temp\design_rule_ComponentSpecificationRule.jar.contents\src\java\main\com\topcoder\web\registration\jsptags\RegistrationTag.java:0: Got an exception - java.lang.RuntimeException: Unable to get class information for @throws tag 'JspTagException'.
CheckStyleRule WARN - Failure: E:\tcs\app\online_review\scripts\auto_screening\temp\design_rule_ComponentSpecificationRule.jar.contents\src\java\main\com\topcoder\web\registration\jsptags\SuccessTag.java:0: Got an exception - java.lang.RuntimeException: Unable to get class information for @throws tag 'JspTagException'.
CheckStyleRule WARN - Failure: E:\tcs\app\online_review\scripts\auto_screening\temp\design_rule_ComponentSpecificationRule.jar.contents\src\java\main\com\topcoder\web\registration\parsers\FormInputParser.java:0: Got an exception - java.lang.RuntimeException: Unable to get class information for @throws tag 'WebRegistrationConfigurationException'.
CheckStyleRule WARN - Failure: E:\tcs\app\online_review\scripts\auto_screening\temp\design_rule_ComponentSpecificationRule.jar.contents\src\java\main\com\topcoder\web\registration\parsers\FormInputParserManager.java:0: Got an exception - java.lang.RuntimeException: Unable to get class information for @throws tag 'WebRegistrationConfigurationException'.
CheckStyleRule WARN - Failure: E:\tcs\app\online_review\scripts\auto_screening\temp\design_rule_ComponentSpecificationRule.jar.contents\src\java\main\com\topcoder\web\registration\parsers\impl\ToBigDecimalFormInputParser.java:0: Got an exception - java.lang.RuntimeException: Unable to get class information for @throws tag 'WebRegistrationConfigurationException'.
CheckStyleRule WARN - Failure: E:\tcs\app\online_review\scripts\auto_screening\temp\design_rule_ComponentSpecificationRule.jar.contents\src\java\main\com\topcoder\web\registration\parsers\impl\ToBigIntegerFormInputParser.java:0: Got an exception - java.lang.RuntimeException: Unable to get class information for @throws tag 'WebRegistrationConfigurationException'.
CheckStyleRule WARN - Failure: E:\tcs\app\online_review\scripts\auto_screening\temp\design_rule_ComponentSpecificationRule.jar.contents\src\java\main\com\topcoder\web\registration\parsers\impl\ToBooleanFormInputParser.java:0: Got an exception - java.lang.RuntimeException: Unable to get class information for @throws tag 'WebRegistrationConfigurationException'.
CheckStyleRule WARN - Failure: E:\tcs\app\online_review\scripts\auto_screening\temp\design_rule_ComponentSpecificationRule.jar.contents\src\java\main\com\topcoder\web\registration\parsers\impl\ToByteFormInputParser.java:0: Got an exception - java.lang.RuntimeException: Unable to get class information for @throws tag 'WebRegistrationConfigurationException'.
CheckStyleRule WARN - Failure: E:\tcs\app\online_review\scripts\auto_screening\temp\design_rule_ComponentSpecificationRule.jar.contents\src\java\main\com\topcoder\web\registration\parsers\impl\ToDateFormInputParser.java:0: Got an exception - java.lang.RuntimeException: Unable to get class information for @throws tag 'WebRegistrationConfigurationException'.
CheckStyleRule WARN - Failure: E:\tcs\app\online_review\scripts\auto_screening\temp\design_rule_ComponentSpecificationRule.jar.contents\src\java\main\com\topcoder\web\registration\parsers\impl\ToDoubleFormInputParser.java:0: Got an exception - java.lang.RuntimeException: Unable to get class information for @throws tag 'WebRegistrationConfigurationException'.
CheckStyleRule WARN - Failure: E:\tcs\app\online_review\scripts\auto_screening\temp\design_rule_ComponentSpecificationRule.jar.contents\src\java\main\com\topcoder\web\registration\parsers\impl\ToFloatFormInputParser.java:0: Got an exception - java.lang.RuntimeException: Unable to get class information for @throws tag 'WebRegistrationConfigurationException'.
CheckStyleRule WARN - Failure: E:\tcs\app\online_review\scripts\auto_screening\temp\design_rule_ComponentSpecificationRule.jar.contents\src\java\main\com\topcoder\web\registration\parsers\impl\ToIntegerFormInputParser.java:0: Got an exception - java.lang.RuntimeException: Unable to get class information for @throws tag 'WebRegistrationConfigurationException'.
CheckStyleRule WARN - Failure: E:\tcs\app\online_review\scripts\auto_screening\temp\design_rule_ComponentSpecificationRule.jar.contents\src\java\main\com\topcoder\web\registration\parsers\impl\ToLongFormInputParser.java:0: Got an exception - java.lang.RuntimeException: Unable to get class information for @throws tag 'WebRegistrationConfigurationException'.
CheckStyleRule WARN - Failure: E:\tcs\app\online_review\scripts\auto_screening\temp\design_rule_ComponentSpecificationRule.jar.contents\src\java\main\com\topcoder\web\registration\parsers\impl\ToShortFormInputParser.java:0: Got an exception - java.lang.RuntimeException: Unable to get class information for @throws tag 'WebRegistrationConfigurationException'.
CheckStyleRule WARN - Failure: E:\tcs\app\online_review\scripts\auto_screening\temp\design_rule_ComponentSpecificationRule.jar.contents\src\java\main\com\topcoder\web\registration\RegistrationManager.java:0: Got an exception - java.lang.RuntimeException: Unable to get class information for @throws tag 'WebRegistrationConfigurationException'.
CheckStyleRule INFO - Perform screening task with id [11939] by screener with id [100].
CheckStyleRule FATAL - Error: java.io.IOException: Directory [E:\tcs\app\online_review\scripts\auto_screening\temp\design_rule_ComponentSpecificationRule.jar.contents\src\java\tests] to start checking style from does not exist.
	at com.cronos.onlinereview.autoscreening.tool.rules.CheckStyleRule.screenWithoutLog(CheckStyleRule.java:166)
	at com.cronos.onlinereview.autoscreening.tool.rules.CheckStyleRule.screen(CheckStyleRule.java:140)
	at com.cronos.onlinereview.autoscreening.tool.ScreeningLogic.screen(ScreeningLogic.java:270)
	at com.cronos.onlinereview.autoscreening.tool.Screener.screen(Screener.java:651)
	at com.cronos.onlinereview.autoscreening.tool.ScreeningTool$ScreeningJob.run(ScreeningTool.java:87)
	at java.lang.Thread.run(Unknown Source)

FileExtensionRule INFO - Perform screening task with id [11939] by screener with id [100].
FileExtensionRule WARN - Failure: No files with extension [.log] are found under directory [E:\tcs\app\online_review\scripts\auto_screening\temp\design_rule_ComponentSpecificationRule.jar.contents\log].
ComponentSpecificationRule INFO - Perform screening task with id [11939] by screener with id [100].
ComponentSpecificationRule WARN - Failure: No component specification files are found in directory [E:\tcs\app\online_review\scripts\auto_screening\temp\design_rule_ComponentSpecificationRule.jar.contents\docs], or they are not of rtf type.
PersonalInfoRule INFO - Perform screening task with id [11939] by screener with id [100].
PersonalInfoRule INFO - Success: OK. There are no personal info in the submission.
ArchiveFileRule INFO - Cleanup screening task with id [11939] by screener with id [100].
ArchiveFileRule INFO - OK. The temporary unzipped submission directory [E:\tcs\app\online_review\scripts\auto_screening\temp\design_rule_ComponentSpecificationRule.jar.contents] was deleted successfully.
ArchiveFileRule INFO - Perform screening task with id [11939] by screener with id [100].
ArchiveFileRule INFO - Success: OK. The submission archive was successfully unzipped to [E:\tcs\app\online_review\scripts\auto_screening\temp\dev_rule_ZipFileRule.zip.contents].
DirectoryStructureRule INFO - Perform screening task with id [11939] by screener with id [100].
DirectoryStructureRule INFO - Success: OK. The directory structure of the submission is as expected.
ComponentSpecificationRule INFO - Perform screening task with id [11939] by screener with id [100].
ComponentSpecificationRule INFO - Success: OK. Component specification files are found in directory [E:\tcs\app\online_review\scripts\auto_screening\temp\dev_rule_ZipFileRule.zip.contents\docs].
PersonalInfoRule INFO - Perform screening task with id [11939] by screener with id [100].
PersonalInfoRule INFO - Success: OK. There are no personal info in the submission.
PoseidonExtractRule INFO - Perform screening task with id [11939] by screener with id [100].
PoseidonExtractRule INFO - Success: OK. The 'zuml' or 'zargo' file is unzipped successfully.
PoseidonDiagramRule INFO - Perform screening task with id [11939] by screener with id [100].
PoseidonDiagramRule INFO - Success: Ok. The numbers of use case diagram, class diagram and sequence diagram [1, 1, 2] all meet the expected counts [1, 1, 1].
PoseidonExtractRule INFO - Cleanup screening task with id [11939] by screener with id [100].
PoseidonExtractRule INFO - OK. The temporary unzipped zuml directory [E:\tcs\app\online_review\scripts\auto_screening\temp\File_Validator.zuml.contents] was deleted successfully.
ArchiveFileRule INFO - Cleanup screening task with id [11939] by screener with id [100].
ArchiveFileRule INFO - OK. The temporary unzipped submission directory [E:\tcs\app\online_review\scripts\auto_screening\temp\dev_rule_ZipFileRule.zip.contents] was deleted successfully.
ArchiveFileRule INFO - Perform screening task with id [11939] by screener with id [100].
ArchiveFileRule INFO - Success: OK. The submission archive was successfully unzipped to [E:\tcs\app\online_review\scripts\auto_screening\temp\dev_rule_ZipFileRule.zip.contents].
DirectoryStructureRule INFO - Perform screening task with id [11939] by screener with id [100].
DirectoryStructureRule WARN - Failure: File or directory [E:\tcs\app\online_review\scripts\auto_screening\temp\dev_rule_ZipFileRule.zip.contents\.\log] failed to pass the validation: The directory does not exist
FileExtensionRule INFO - Perform screening task with id [11939] by screener with id [100].
FileExtensionRule INFO - Success: OK. Files with extension [.cs] are found under directory [E:\tcs\app\online_review\scripts\auto_screening\temp\dev_rule_ZipFileRule.zip.contents\src\csharp\main].
FileExtensionRule INFO - Perform screening task with id [11939] by screener with id [100].
FileExtensionRule INFO - Success: OK. Files with extension [.cs] are found under directory [E:\tcs\app\online_review\scripts\auto_screening\temp\dev_rule_ZipFileRule.zip.contents\src\csharp\tests].
FileExtensionRule INFO - Perform screening task with id [11939] by screener with id [100].
FileExtensionRule WARN - Failure: No files with extension [.log] are found under directory [E:\tcs\app\online_review\scripts\auto_screening\temp\dev_rule_ZipFileRule.zip.contents\log].
ComponentSpecificationRule INFO - Perform screening task with id [11939] by screener with id [100].
ComponentSpecificationRule INFO - Success: OK. Component specification files are found in directory [E:\tcs\app\online_review\scripts\auto_screening\temp\dev_rule_ZipFileRule.zip.contents\docs].
PersonalInfoRule INFO - Perform screening task with id [11939] by screener with id [100].
PersonalInfoRule INFO - Success: OK. There are no personal info in the submission.
ArchiveFileRule INFO - Cleanup screening task with id [11939] by screener with id [100].
ArchiveFileRule INFO - OK. The temporary unzipped submission directory [E:\tcs\app\online_review\scripts\auto_screening\temp\dev_rule_ZipFileRule.zip.contents] was deleted successfully.
ArchiveFileRule INFO - Perform screening task with id [11939] by screener with id [100].
ArchiveFileRule INFO - Success: OK. The submission archive was successfully unzipped to [E:\tcs\app\online_review\scripts\auto_screening\temp\dev_rule_ZipFileRule.zip.contents].
DirectoryStructureRule INFO - Perform screening task with id [11939] by screener with id [100].
DirectoryStructureRule WARN - Failure: File or directory [E:\tcs\app\online_review\scripts\auto_screening\temp\dev_rule_ZipFileRule.zip.contents\.\log] failed to pass the validation: The directory does not exist
FileExtensionRule INFO - Perform screening task with id [11939] by screener with id [100].
FileExtensionRule INFO - Success: OK. Files with extension [.cs] are found under directory [E:\tcs\app\online_review\scripts\auto_screening\temp\dev_rule_ZipFileRule.zip.contents\src\csharp\main].
FileExtensionRule INFO - Perform screening task with id [11939] by screener with id [100].
FileExtensionRule INFO - Success: OK. Files with extension [.cs] are found under directory [E:\tcs\app\online_review\scripts\auto_screening\temp\dev_rule_ZipFileRule.zip.contents\src\csharp\tests].
FileExtensionRule INFO - Perform screening task with id [11939] by screener with id [100].
FileExtensionRule WARN - Failure: No files with extension [.log] are found under directory [E:\tcs\app\online_review\scripts\auto_screening\temp\dev_rule_ZipFileRule.zip.contents\log].
ComponentSpecificationRule INFO - Perform screening task with id [11939] by screener with id [100].
ComponentSpecificationRule INFO - Success: OK. Component specification files are found in directory [E:\tcs\app\online_review\scripts\auto_screening\temp\dev_rule_ZipFileRule.zip.contents\docs].
PersonalInfoRule INFO - Perform screening task with id [11939] by screener with id [100].
PersonalInfoRule INFO - Success: OK. There are no personal info in the submission.
ArchiveFileRule INFO - Cleanup screening task with id [11939] by screener with id [100].
ArchiveFileRule INFO - OK. The temporary unzipped submission directory [E:\tcs\app\online_review\scripts\auto_screening\temp\dev_rule_ZipFileRule.zip.contents] was deleted successfully.
