2010-09-01 19:22:01,421 -- ERROR Timer-0 com.topcoder.management.project.persistence.InformixProjectPersistence - The projectIdSequence [project_id_seq] is invalid.
2010-09-01 19:22:01,421 -- FATAL Timer-0 com.topcoder.management.phase.autopilot.impl.ActiveAutoPilotSource - fail to create ProjectManager cause of invalid class specification exception 
com.topcoder.util.objectfactory.InvalidClassSpecificationException: The object can not be initialized.
	at com.topcoder.util.objectfactory.ObjectFactory.createObjectByReflection(ObjectFactory.java:623)
	at com.topcoder.util.objectfactory.ObjectFactory.createComplexSpecification(ObjectFactory.java:586)
	at com.topcoder.util.objectfactory.ObjectFactory.getObjectBySpecification(ObjectFactory.java:390)
	at com.topcoder.util.objectfactory.ObjectFactory.createObject(ObjectFactory.java:333)
	at com.topcoder.util.objectfactory.ObjectFactory.createObject(ObjectFactory.java:112)
	at com.topcoder.management.phase.autopilot.impl.ActiveAutoPilotSource.<init>(ActiveAutoPilotSource.java:170)
	at com.topcoder.management.phase.autopilot.impl.ActiveAutoPilotSource.<init>(ActiveAutoPilotSource.java:127)
	at sun.reflect.NativeConstructorAccessorImpl.newInstance0(Native Method)
	at sun.reflect.NativeConstructorAccessorImpl.newInstance(Unknown Source)
	at sun.reflect.DelegatingConstructorAccessorImpl.newInstance(Unknown Source)
	at java.lang.reflect.Constructor.newInstance(Unknown Source)
	at com.topcoder.util.objectfactory.ObjectFactory.createObjectByReflection(ObjectFactory.java:611)
	at com.topcoder.util.objectfactory.ObjectFactory.createComplexSpecification(ObjectFactory.java:586)
	at com.topcoder.util.objectfactory.ObjectFactory.getObjectBySpecification(ObjectFactory.java:390)
	at com.topcoder.util.objectfactory.ObjectFactory.createObject(ObjectFactory.java:333)
	at com.topcoder.util.objectfactory.ObjectFactory.createObject(ObjectFactory.java:112)
	at com.topcoder.management.phase.autopilot.AutoPilot.<init>(AutoPilot.java:136)
	at com.topcoder.management.phase.autopilot.AutoPilot.<init>(AutoPilot.java:86)
	at sun.reflect.NativeConstructorAccessorImpl.newInstance0(Native Method)
	at sun.reflect.NativeConstructorAccessorImpl.newInstance(Unknown Source)
	at sun.reflect.DelegatingConstructorAccessorImpl.newInstance(Unknown Source)
	at java.lang.reflect.Constructor.newInstance(Unknown Source)
	at com.topcoder.util.objectfactory.ObjectFactory.createObjectByReflection(ObjectFactory.java:611)
	at com.topcoder.util.objectfactory.ObjectFactory.createObject(ObjectFactory.java:340)
	at com.topcoder.util.objectfactory.ObjectFactory.createObject(ObjectFactory.java:112)
	at com.topcoder.management.phase.autopilot.AutoPilotJob.<init>(AutoPilotJob.java:191)
	at com.topcoder.management.phase.autopilot.AutoPilotJob.<init>(AutoPilotJob.java:145)
	at sun.reflect.NativeConstructorAccessorImpl.newInstance0(Native Method)
	at sun.reflect.NativeConstructorAccessorImpl.newInstance(Unknown Source)
	at sun.reflect.DelegatingConstructorAccessorImpl.newInstance(Unknown Source)
	at java.lang.reflect.Constructor.newInstance(Unknown Source)
	at java.lang.Class.newInstance0(Unknown Source)
	at java.lang.Class.newInstance(Unknown Source)
	at com.topcoder.util.scheduler.Scheduler$InternalJob.start(Scheduler.java:1171)
	at com.topcoder.util.scheduler.Scheduler$ScheduleTask.run(Scheduler.java:1284)
	at java.util.TimerThread.mainLoop(Unknown Source)
	at java.util.TimerThread.run(Unknown Source)
Caused by: java.lang.reflect.InvocationTargetException
	at sun.reflect.NativeConstructorAccessorImpl.newInstance0(Native Method)
	at sun.reflect.NativeConstructorAccessorImpl.newInstance(Unknown Source)
	at sun.reflect.DelegatingConstructorAccessorImpl.newInstance(Unknown Source)
	at java.lang.reflect.Constructor.newInstance(Unknown Source)
	at com.topcoder.util.objectfactory.ObjectFactory.createObjectByReflection(ObjectFactory.java:611)
	... 36 more
Caused by: com.topcoder.management.project.ConfigurationException: error occurs when trying to create object via reflection.
	at com.topcoder.management.project.ProjectManagerImpl.createObject(ProjectManagerImpl.java:445)
	at com.topcoder.management.project.ProjectManagerImpl.<init>(ProjectManagerImpl.java:176)
	at com.topcoder.management.project.ProjectManagerImpl.<init>(ProjectManagerImpl.java:123)
	... 41 more
Caused by: java.lang.reflect.InvocationTargetException
	at sun.reflect.NativeConstructorAccessorImpl.newInstance0(Native Method)
	at sun.reflect.NativeConstructorAccessorImpl.newInstance(Unknown Source)
	at sun.reflect.DelegatingConstructorAccessorImpl.newInstance(Unknown Source)
	at java.lang.reflect.Constructor.newInstance(Unknown Source)
	at com.topcoder.management.project.ProjectManagerImpl.createObject(ProjectManagerImpl.java:435)
	... 43 more
Caused by: com.topcoder.management.project.PersistenceException: Unable to create IDGenerator for 'project_id_seq'.
	at com.topcoder.management.project.persistence.AbstractInformixProjectPersistence.<init>(AbstractInformixProjectPersistence.java:518)
	at com.topcoder.management.project.persistence.InformixProjectPersistence.<init>(InformixProjectPersistence.java:105)
	... 48 more
Caused by: com.topcoder.util.idgenerator.IDGenerationException: Failed to get connection from db factory.
	at com.topcoder.util.idgenerator.IDGeneratorImpl.getConnection(IDGeneratorImpl.java:157)
	at com.topcoder.util.idgenerator.IDGeneratorImpl.<init>(IDGeneratorImpl.java:111)
	at com.topcoder.util.idgenerator.IDGeneratorFactory.getIDGenerator(IDGeneratorFactory.java:73)
	at com.topcoder.management.project.persistence.AbstractInformixProjectPersistence.<init>(AbstractInformixProjectPersistence.java:514)
	... 49 more
Caused by: com.topcoder.db.connectionfactory.DBConnectionException: Error occurs in creating connection 
	at com.topcoder.db.connectionfactory.producers.JDBCConnectionProducer.createConnection(JDBCConnectionProducer.java:273)
	at com.topcoder.db.connectionfactory.DBConnectionFactoryImpl.createConnection(DBConnectionFactoryImpl.java:248)
	at com.topcoder.util.idgenerator.IDGeneratorImpl.getConnection(IDGeneratorImpl.java:151)
	... 52 more
Caused by: java.sql.SQLException: com.informix.asf.IfxASFException: Attempt to connect to database server (informixoltp_tcp) failed.
	at com.informix.jdbc.IfxSqliConnect.<init>(IfxSqliConnect.java:883)
	at sun.reflect.NativeConstructorAccessorImpl.newInstance0(Native Method)
	at sun.reflect.NativeConstructorAccessorImpl.newInstance(Unknown Source)
	at sun.reflect.DelegatingConstructorAccessorImpl.newInstance(Unknown Source)
	at java.lang.reflect.Constructor.newInstance(Unknown Source)
	at com.informix.jdbc.IfxDriver.connect(IfxDriver.java:251)
	at java.sql.DriverManager.getConnection(Unknown Source)
	at java.sql.DriverManager.getConnection(Unknown Source)
	at com.topcoder.db.connectionfactory.producers.JDBCConnectionProducer.createConnection(JDBCConnectionProducer.java:269)
	... 54 more

2010-09-01 19:22:01,421 -- FATAL Timer-0 com.topcoder.management.phase.autopilot.AutoPilot - fail to create auto pilot source cause of invalid class specification exception 
com.topcoder.util.objectfactory.InvalidClassSpecificationException: The object can not be initialized.
	at com.topcoder.util.objectfactory.ObjectFactory.createObjectByReflection(ObjectFactory.java:623)
	at com.topcoder.util.objectfactory.ObjectFactory.createComplexSpecification(ObjectFactory.java:586)
	at com.topcoder.util.objectfactory.ObjectFactory.getObjectBySpecification(ObjectFactory.java:390)
	at com.topcoder.util.objectfactory.ObjectFactory.createObject(ObjectFactory.java:333)
	at com.topcoder.util.objectfactory.ObjectFactory.createObject(ObjectFactory.java:112)
	at com.topcoder.management.phase.autopilot.AutoPilot.<init>(AutoPilot.java:136)
	at com.topcoder.management.phase.autopilot.AutoPilot.<init>(AutoPilot.java:86)
	at sun.reflect.NativeConstructorAccessorImpl.newInstance0(Native Method)
	at sun.reflect.NativeConstructorAccessorImpl.newInstance(Unknown Source)
	at sun.reflect.DelegatingConstructorAccessorImpl.newInstance(Unknown Source)
	at java.lang.reflect.Constructor.newInstance(Unknown Source)
	at com.topcoder.util.objectfactory.ObjectFactory.createObjectByReflection(ObjectFactory.java:611)
	at com.topcoder.util.objectfactory.ObjectFactory.createObject(ObjectFactory.java:340)
	at com.topcoder.util.objectfactory.ObjectFactory.createObject(ObjectFactory.java:112)
	at com.topcoder.management.phase.autopilot.AutoPilotJob.<init>(AutoPilotJob.java:191)
	at com.topcoder.management.phase.autopilot.AutoPilotJob.<init>(AutoPilotJob.java:145)
	at sun.reflect.NativeConstructorAccessorImpl.newInstance0(Native Method)
	at sun.reflect.NativeConstructorAccessorImpl.newInstance(Unknown Source)
	at sun.reflect.DelegatingConstructorAccessorImpl.newInstance(Unknown Source)
	at java.lang.reflect.Constructor.newInstance(Unknown Source)
	at java.lang.Class.newInstance0(Unknown Source)
	at java.lang.Class.newInstance(Unknown Source)
	at com.topcoder.util.scheduler.Scheduler$InternalJob.start(Scheduler.java:1171)
	at com.topcoder.util.scheduler.Scheduler$ScheduleTask.run(Scheduler.java:1284)
	at java.util.TimerThread.mainLoop(Unknown Source)
	at java.util.TimerThread.run(Unknown Source)
Caused by: java.lang.reflect.InvocationTargetException
	at sun.reflect.NativeConstructorAccessorImpl.newInstance0(Native Method)
	at sun.reflect.NativeConstructorAccessorImpl.newInstance(Unknown Source)
	at sun.reflect.DelegatingConstructorAccessorImpl.newInstance(Unknown Source)
	at java.lang.reflect.Constructor.newInstance(Unknown Source)
	at com.topcoder.util.objectfactory.ObjectFactory.createObjectByReflection(ObjectFactory.java:611)
	... 25 more
Caused by: com.topcoder.management.phase.autopilot.ConfigurationException: fail to create project manager cause of invalid class specification
	at com.topcoder.management.phase.autopilot.impl.ActiveAutoPilotSource.<init>(ActiveAutoPilotSource.java:181)
	at com.topcoder.management.phase.autopilot.impl.ActiveAutoPilotSource.<init>(ActiveAutoPilotSource.java:127)
	... 30 more
Caused by: com.topcoder.util.objectfactory.InvalidClassSpecificationException: The object can not be initialized.
	at com.topcoder.util.objectfactory.ObjectFactory.createObjectByReflection(ObjectFactory.java:623)
	at com.topcoder.util.objectfactory.ObjectFactory.createComplexSpecification(ObjectFactory.java:586)
	at com.topcoder.util.objectfactory.ObjectFactory.getObjectBySpecification(ObjectFactory.java:390)
	at com.topcoder.util.objectfactory.ObjectFactory.createObject(ObjectFactory.java:333)
	at com.topcoder.util.objectfactory.ObjectFactory.createObject(ObjectFactory.java:112)
	at com.topcoder.management.phase.autopilot.impl.ActiveAutoPilotSource.<init>(ActiveAutoPilotSource.java:170)
	... 31 more
Caused by: java.lang.reflect.InvocationTargetException
	at sun.reflect.NativeConstructorAccessorImpl.newInstance0(Native Method)
	at sun.reflect.NativeConstructorAccessorImpl.newInstance(Unknown Source)
	at sun.reflect.DelegatingConstructorAccessorImpl.newInstance(Unknown Source)
	at java.lang.reflect.Constructor.newInstance(Unknown Source)
	at com.topcoder.util.objectfactory.ObjectFactory.createObjectByReflection(ObjectFactory.java:611)
	... 36 more
Caused by: com.topcoder.management.project.ConfigurationException: error occurs when trying to create object via reflection.
	at com.topcoder.management.project.ProjectManagerImpl.createObject(ProjectManagerImpl.java:445)
	at com.topcoder.management.project.ProjectManagerImpl.<init>(ProjectManagerImpl.java:176)
	at com.topcoder.management.project.ProjectManagerImpl.<init>(ProjectManagerImpl.java:123)
	... 41 more
Caused by: java.lang.reflect.InvocationTargetException
	at sun.reflect.NativeConstructorAccessorImpl.newInstance0(Native Method)
	at sun.reflect.NativeConstructorAccessorImpl.newInstance(Unknown Source)
	at sun.reflect.DelegatingConstructorAccessorImpl.newInstance(Unknown Source)
	at java.lang.reflect.Constructor.newInstance(Unknown Source)
	at com.topcoder.management.project.ProjectManagerImpl.createObject(ProjectManagerImpl.java:435)
	... 43 more
Caused by: com.topcoder.management.project.PersistenceException: Unable to create IDGenerator for 'project_id_seq'.
	at com.topcoder.management.project.persistence.AbstractInformixProjectPersistence.<init>(AbstractInformixProjectPersistence.java:518)
	at com.topcoder.management.project.persistence.InformixProjectPersistence.<init>(InformixProjectPersistence.java:105)
	... 48 more
Caused by: com.topcoder.util.idgenerator.IDGenerationException: Failed to get connection from db factory.
	at com.topcoder.util.idgenerator.IDGeneratorImpl.getConnection(IDGeneratorImpl.java:157)
	at com.topcoder.util.idgenerator.IDGeneratorImpl.<init>(IDGeneratorImpl.java:111)
	at com.topcoder.util.idgenerator.IDGeneratorFactory.getIDGenerator(IDGeneratorFactory.java:73)
	at com.topcoder.management.project.persistence.AbstractInformixProjectPersistence.<init>(AbstractInformixProjectPersistence.java:514)
	... 49 more
Caused by: com.topcoder.db.connectionfactory.DBConnectionException: Error occurs in creating connection 
	at com.topcoder.db.connectionfactory.producers.JDBCConnectionProducer.createConnection(JDBCConnectionProducer.java:273)
	at com.topcoder.db.connectionfactory.DBConnectionFactoryImpl.createConnection(DBConnectionFactoryImpl.java:248)
	at com.topcoder.util.idgenerator.IDGeneratorImpl.getConnection(IDGeneratorImpl.java:151)
	... 52 more
Caused by: java.sql.SQLException: com.informix.asf.IfxASFException: Attempt to connect to database server (informixoltp_tcp) failed.
	at com.informix.jdbc.IfxSqliConnect.<init>(IfxSqliConnect.java:883)
	at sun.reflect.NativeConstructorAccessorImpl.newInstance0(Native Method)
	at sun.reflect.NativeConstructorAccessorImpl.newInstance(Unknown Source)
	at sun.reflect.DelegatingConstructorAccessorImpl.newInstance(Unknown Source)
	at java.lang.reflect.Constructor.newInstance(Unknown Source)
	at com.informix.jdbc.IfxDriver.connect(IfxDriver.java:251)
	at java.sql.DriverManager.getConnection(Unknown Source)
	at java.sql.DriverManager.getConnection(Unknown Source)
	at com.topcoder.db.connectionfactory.producers.JDBCConnectionProducer.createConnection(JDBCConnectionProducer.java:269)
	... 54 more

2010-09-01 19:22:01,453 -- FATAL Timer-0 com.topcoder.management.phase.autopilot.AutoPilotJob - fail to create auto pilot cause of invalid class specification exception 
com.topcoder.util.objectfactory.InvalidClassSpecificationException: The object can not be initialized.
	at com.topcoder.util.objectfactory.ObjectFactory.createObjectByReflection(ObjectFactory.java:623)
	at com.topcoder.util.objectfactory.ObjectFactory.createObject(ObjectFactory.java:340)
	at com.topcoder.util.objectfactory.ObjectFactory.createObject(ObjectFactory.java:112)
	at com.topcoder.management.phase.autopilot.AutoPilotJob.<init>(AutoPilotJob.java:191)
	at com.topcoder.management.phase.autopilot.AutoPilotJob.<init>(AutoPilotJob.java:145)
	at sun.reflect.NativeConstructorAccessorImpl.newInstance0(Native Method)
	at sun.reflect.NativeConstructorAccessorImpl.newInstance(Unknown Source)
	at sun.reflect.DelegatingConstructorAccessorImpl.newInstance(Unknown Source)
	at java.lang.reflect.Constructor.newInstance(Unknown Source)
	at java.lang.Class.newInstance0(Unknown Source)
	at java.lang.Class.newInstance(Unknown Source)
	at com.topcoder.util.scheduler.Scheduler$InternalJob.start(Scheduler.java:1171)
	at com.topcoder.util.scheduler.Scheduler$ScheduleTask.run(Scheduler.java:1284)
	at java.util.TimerThread.mainLoop(Unknown Source)
	at java.util.TimerThread.run(Unknown Source)
Caused by: java.lang.reflect.InvocationTargetException
	at sun.reflect.NativeConstructorAccessorImpl.newInstance0(Native Method)
	at sun.reflect.NativeConstructorAccessorImpl.newInstance(Unknown Source)
	at sun.reflect.DelegatingConstructorAccessorImpl.newInstance(Unknown Source)
	at java.lang.reflect.Constructor.newInstance(Unknown Source)
	at com.topcoder.util.objectfactory.ObjectFactory.createObjectByReflection(ObjectFactory.java:611)
	... 14 more
Caused by: com.topcoder.management.phase.autopilot.ConfigurationException: fail to create auto pilot source cause of invalid class specification exception
	at com.topcoder.management.phase.autopilot.AutoPilot.<init>(AutoPilot.java:147)
	at com.topcoder.management.phase.autopilot.AutoPilot.<init>(AutoPilot.java:86)
	... 19 more
Caused by: com.topcoder.util.objectfactory.InvalidClassSpecificationException: The object can not be initialized.
	at com.topcoder.util.objectfactory.ObjectFactory.createObjectByReflection(ObjectFactory.java:623)
	at com.topcoder.util.objectfactory.ObjectFactory.createComplexSpecification(ObjectFactory.java:586)
	at com.topcoder.util.objectfactory.ObjectFactory.getObjectBySpecification(ObjectFactory.java:390)
	at com.topcoder.util.objectfactory.ObjectFactory.createObject(ObjectFactory.java:333)
	at com.topcoder.util.objectfactory.ObjectFactory.createObject(ObjectFactory.java:112)
	at com.topcoder.management.phase.autopilot.AutoPilot.<init>(AutoPilot.java:136)
	... 20 more
Caused by: java.lang.reflect.InvocationTargetException
	at sun.reflect.NativeConstructorAccessorImpl.newInstance0(Native Method)
	at sun.reflect.NativeConstructorAccessorImpl.newInstance(Unknown Source)
	at sun.reflect.DelegatingConstructorAccessorImpl.newInstance(Unknown Source)
	at java.lang.reflect.Constructor.newInstance(Unknown Source)
	at com.topcoder.util.objectfactory.ObjectFactory.createObjectByReflection(ObjectFactory.java:611)
	... 25 more
Caused by: com.topcoder.management.phase.autopilot.ConfigurationException: fail to create project manager cause of invalid class specification
	at com.topcoder.management.phase.autopilot.impl.ActiveAutoPilotSource.<init>(ActiveAutoPilotSource.java:181)
	at com.topcoder.management.phase.autopilot.impl.ActiveAutoPilotSource.<init>(ActiveAutoPilotSource.java:127)
	... 30 more
Caused by: com.topcoder.util.objectfactory.InvalidClassSpecificationException: The object can not be initialized.
	at com.topcoder.util.objectfactory.ObjectFactory.createObjectByReflection(ObjectFactory.java:623)
	at com.topcoder.util.objectfactory.ObjectFactory.createComplexSpecification(ObjectFactory.java:586)
	at com.topcoder.util.objectfactory.ObjectFactory.getObjectBySpecification(ObjectFactory.java:390)
	at com.topcoder.util.objectfactory.ObjectFactory.createObject(ObjectFactory.java:333)
	at com.topcoder.util.objectfactory.ObjectFactory.createObject(ObjectFactory.java:112)
	at com.topcoder.management.phase.autopilot.impl.ActiveAutoPilotSource.<init>(ActiveAutoPilotSource.java:170)
	... 31 more
Caused by: java.lang.reflect.InvocationTargetException
	at sun.reflect.NativeConstructorAccessorImpl.newInstance0(Native Method)
	at sun.reflect.NativeConstructorAccessorImpl.newInstance(Unknown Source)
	at sun.reflect.DelegatingConstructorAccessorImpl.newInstance(Unknown Source)
	at java.lang.reflect.Constructor.newInstance(Unknown Source)
	at com.topcoder.util.objectfactory.ObjectFactory.createObjectByReflection(ObjectFactory.java:611)
	... 36 more
Caused by: com.topcoder.management.project.ConfigurationException: error occurs when trying to create object via reflection.
	at com.topcoder.management.project.ProjectManagerImpl.createObject(ProjectManagerImpl.java:445)
	at com.topcoder.management.project.ProjectManagerImpl.<init>(ProjectManagerImpl.java:176)
	at com.topcoder.management.project.ProjectManagerImpl.<init>(ProjectManagerImpl.java:123)
	... 41 more
Caused by: java.lang.reflect.InvocationTargetException
	at sun.reflect.NativeConstructorAccessorImpl.newInstance0(Native Method)
	at sun.reflect.NativeConstructorAccessorImpl.newInstance(Unknown Source)
	at sun.reflect.DelegatingConstructorAccessorImpl.newInstance(Unknown Source)
	at java.lang.reflect.Constructor.newInstance(Unknown Source)
	at com.topcoder.management.project.ProjectManagerImpl.createObject(ProjectManagerImpl.java:435)
	... 43 more
Caused by: com.topcoder.management.project.PersistenceException: Unable to create IDGenerator for 'project_id_seq'.
	at com.topcoder.management.project.persistence.AbstractInformixProjectPersistence.<init>(AbstractInformixProjectPersistence.java:518)
	at com.topcoder.management.project.persistence.InformixProjectPersistence.<init>(InformixProjectPersistence.java:105)
	... 48 more
Caused by: com.topcoder.util.idgenerator.IDGenerationException: Failed to get connection from db factory.
	at com.topcoder.util.idgenerator.IDGeneratorImpl.getConnection(IDGeneratorImpl.java:157)
	at com.topcoder.util.idgenerator.IDGeneratorImpl.<init>(IDGeneratorImpl.java:111)
	at com.topcoder.util.idgenerator.IDGeneratorFactory.getIDGenerator(IDGeneratorFactory.java:73)
	at com.topcoder.management.project.persistence.AbstractInformixProjectPersistence.<init>(AbstractInformixProjectPersistence.java:514)
	... 49 more
Caused by: com.topcoder.db.connectionfactory.DBConnectionException: Error occurs in creating connection 
	at com.topcoder.db.connectionfactory.producers.JDBCConnectionProducer.createConnection(JDBCConnectionProducer.java:273)
	at com.topcoder.db.connectionfactory.DBConnectionFactoryImpl.createConnection(DBConnectionFactoryImpl.java:248)
	at com.topcoder.util.idgenerator.IDGeneratorImpl.getConnection(IDGeneratorImpl.java:151)
	... 52 more
Caused by: java.sql.SQLException: com.informix.asf.IfxASFException: Attempt to connect to database server (informixoltp_tcp) failed.
	at com.informix.jdbc.IfxSqliConnect.<init>(IfxSqliConnect.java:883)
	at sun.reflect.NativeConstructorAccessorImpl.newInstance0(Native Method)
	at sun.reflect.NativeConstructorAccessorImpl.newInstance(Unknown Source)
	at sun.reflect.DelegatingConstructorAccessorImpl.newInstance(Unknown Source)
	at java.lang.reflect.Constructor.newInstance(Unknown Source)
	at com.informix.jdbc.IfxDriver.connect(IfxDriver.java:251)
	at java.sql.DriverManager.getConnection(Unknown Source)
	at java.sql.DriverManager.getConnection(Unknown Source)
	at com.topcoder.db.connectionfactory.producers.JDBCConnectionProducer.createConnection(JDBCConnectionProducer.java:269)
	... 54 more

2010-09-01 19:25:06,281 -- ERROR Thread-4 class com.topcoder.message.email.EmailEngine - Failed to contact SMTP server
javax.mail.SendFailedException: Sending failed;
  nested exception is:
	class javax.mail.SendFailedException: Invalid Addresses;
  nested exception is:
	class javax.mail.SendFailedException: 550 <foo@fooonyou.com>, Recipient unknown

	at javax.mail.Transport.send0(Transport.java:218)
	at javax.mail.Transport.send(Transport.java:80)
	at com.topcoder.message.email.EmailEngine.send(EmailEngine.java:500)
	at com.topcoder.message.email.EmailEngine.send(EmailEngine.java:328)
	at com.cronos.onlinereview.phases.AbstractPhaseHandler.sendEmail(AbstractPhaseHandler.java:679)
	at com.cronos.onlinereview.phases.AbstractPhaseHandler.sendEmail(AbstractPhaseHandler.java:480)
	at com.cronos.onlinereview.phases.RegistrationPhaseHandler.perform(RegistrationPhaseHandler.java:235)
	at com.cronos.onlinereview.phases.PRRegistrationPhaseHandler.perform(PRRegistrationPhaseHandler.java:52)
	at com.topcoder.management.phase.DefaultPhaseManager.start(DefaultPhaseManager.java:587)
	at com.topcoder.management.phase.autopilot.impl.DefaultProjectPilot.doPhaseOperation(DefaultProjectPilot.java:467)
	at com.topcoder.management.phase.autopilot.impl.DefaultProjectPilot.processPhase(DefaultProjectPilot.java:420)
	at com.topcoder.management.phase.autopilot.impl.DefaultProjectPilot.advancePhases(DefaultProjectPilot.java:366)
	at com.topcoder.management.phase.autopilot.AutoPilot.advanceProject(AutoPilot.java:355)
	at com.topcoder.management.phase.autopilot.AutoPilot.advanceProjects(AutoPilot.java:321)
	at com.topcoder.management.phase.autopilot.AutoPilot.advanceProjects(AutoPilot.java:272)
	at com.topcoder.management.phase.autopilot.AutoPilotJob.execute(AutoPilotJob.java:332)
	at com.topcoder.management.phase.autopilot.AutoPilotJob.run(AutoPilotJob.java:301)
	at java.lang.Thread.run(Unknown Source)
2010-09-01 19:25:06,281 -- ERROR Thread-4 com.topcoder.management.phase.autopilot.impl.DefaultProjectPilot - fail to start the phase cause of phase management exception
2010-09-01 19:25:06,296 -- ERROR Thread-4 com.topcoder.management.phase.autopilot.impl.DefaultProjectPilot - Wed Sep 01 19:25:06 EEST 2010 - Error occurs while trying to advance phases of project with id 291, stack trace : com.topcoder.management.phase.autopilot.PhaseOperationException: fail to start the phase cause of phase management exception
	at com.topcoder.management.phase.autopilot.impl.DefaultProjectPilot.doPhaseOperation(DefaultProjectPilot.java:473)
	at com.topcoder.management.phase.autopilot.impl.DefaultProjectPilot.processPhase(DefaultProjectPilot.java:420)
	at com.topcoder.management.phase.autopilot.impl.DefaultProjectPilot.advancePhases(DefaultProjectPilot.java:366)
	at com.topcoder.management.phase.autopilot.AutoPilot.advanceProject(AutoPilot.java:355)
	at com.topcoder.management.phase.autopilot.AutoPilot.advanceProjects(AutoPilot.java:321)
	at com.topcoder.management.phase.autopilot.AutoPilot.advanceProjects(AutoPilot.java:272)
	at com.topcoder.management.phase.autopilot.AutoPilotJob.execute(AutoPilotJob.java:332)
	at com.topcoder.management.phase.autopilot.AutoPilotJob.run(AutoPilotJob.java:301)
	at java.lang.Thread.run(Unknown Source)
Caused by: com.topcoder.management.phase.PhaseHandlingException: Problem with sending email
	at com.cronos.onlinereview.phases.AbstractPhaseHandler.sendEmail(AbstractPhaseHandler.java:696)
	at com.cronos.onlinereview.phases.AbstractPhaseHandler.sendEmail(AbstractPhaseHandler.java:480)
	at com.cronos.onlinereview.phases.RegistrationPhaseHandler.perform(RegistrationPhaseHandler.java:235)
	at com.cronos.onlinereview.phases.PRRegistrationPhaseHandler.perform(PRRegistrationPhaseHandler.java:52)
	at com.topcoder.management.phase.DefaultPhaseManager.start(DefaultPhaseManager.java:587)
	at com.topcoder.management.phase.autopilot.impl.DefaultProjectPilot.doPhaseOperation(DefaultProjectPilot.java:467)
	... 8 more
Caused by: com.topcoder.message.email.SendingException: Possible configuration error. SMTP server is not responding.{mail.from=service@topcodersoftware.com, mail.transport.protocol=smtp, mail.smtp.host=localhost, mail.host=localhost}
	at com.topcoder.message.email.EmailEngine.send(EmailEngine.java:506)
	at com.topcoder.message.email.EmailEngine.send(EmailEngine.java:328)
	at com.cronos.onlinereview.phases.AbstractPhaseHandler.sendEmail(AbstractPhaseHandler.java:679)
	... 13 more
Caused by: javax.mail.SendFailedException: Sending failed;
  nested exception is:
	class javax.mail.SendFailedException: Invalid Addresses;
  nested exception is:
	class javax.mail.SendFailedException: 550 <foo@fooonyou.com>, Recipient unknown

	at javax.mail.Transport.send0(Transport.java:218)
	at javax.mail.Transport.send(Transport.java:80)
	at com.topcoder.message.email.EmailEngine.send(EmailEngine.java:500)
	... 15 more

2010-09-01 19:26:05,765 -- ERROR Thread-5 class com.topcoder.message.email.EmailEngine - Failed to contact SMTP server
javax.mail.SendFailedException: Sending failed;
  nested exception is:
	class javax.mail.SendFailedException: Invalid Addresses;
  nested exception is:
	class javax.mail.SendFailedException: 550 <foo@fooonyou.com>, Recipient unknown

	at javax.mail.Transport.send0(Transport.java:218)
	at javax.mail.Transport.send(Transport.java:80)
	at com.topcoder.message.email.EmailEngine.send(EmailEngine.java:500)
	at com.topcoder.message.email.EmailEngine.send(EmailEngine.java:328)
	at com.cronos.onlinereview.phases.AbstractPhaseHandler.sendEmail(AbstractPhaseHandler.java:679)
	at com.cronos.onlinereview.phases.AbstractPhaseHandler.sendEmail(AbstractPhaseHandler.java:480)
	at com.cronos.onlinereview.phases.RegistrationPhaseHandler.perform(RegistrationPhaseHandler.java:235)
	at com.cronos.onlinereview.phases.PRRegistrationPhaseHandler.perform(PRRegistrationPhaseHandler.java:52)
	at com.topcoder.management.phase.DefaultPhaseManager.start(DefaultPhaseManager.java:587)
	at com.topcoder.management.phase.autopilot.impl.DefaultProjectPilot.doPhaseOperation(DefaultProjectPilot.java:467)
	at com.topcoder.management.phase.autopilot.impl.DefaultProjectPilot.processPhase(DefaultProjectPilot.java:420)
	at com.topcoder.management.phase.autopilot.impl.DefaultProjectPilot.advancePhases(DefaultProjectPilot.java:366)
	at com.topcoder.management.phase.autopilot.AutoPilot.advanceProject(AutoPilot.java:355)
	at com.topcoder.management.phase.autopilot.AutoPilot.advanceProjects(AutoPilot.java:321)
	at com.topcoder.management.phase.autopilot.AutoPilot.advanceProjects(AutoPilot.java:272)
	at com.topcoder.management.phase.autopilot.AutoPilotJob.execute(AutoPilotJob.java:332)
	at com.topcoder.management.phase.autopilot.AutoPilotJob.run(AutoPilotJob.java:301)
	at java.lang.Thread.run(Unknown Source)
2010-09-01 19:26:05,765 -- ERROR Thread-5 com.topcoder.management.phase.autopilot.impl.DefaultProjectPilot - fail to start the phase cause of phase management exception
2010-09-01 19:26:05,765 -- ERROR Thread-5 com.topcoder.management.phase.autopilot.impl.DefaultProjectPilot - Wed Sep 01 19:26:05 EEST 2010 - Error occurs while trying to advance phases of project with id 291, stack trace : com.topcoder.management.phase.autopilot.PhaseOperationException: fail to start the phase cause of phase management exception
	at com.topcoder.management.phase.autopilot.impl.DefaultProjectPilot.doPhaseOperation(DefaultProjectPilot.java:473)
	at com.topcoder.management.phase.autopilot.impl.DefaultProjectPilot.processPhase(DefaultProjectPilot.java:420)
	at com.topcoder.management.phase.autopilot.impl.DefaultProjectPilot.advancePhases(DefaultProjectPilot.java:366)
	at com.topcoder.management.phase.autopilot.AutoPilot.advanceProject(AutoPilot.java:355)
	at com.topcoder.management.phase.autopilot.AutoPilot.advanceProjects(AutoPilot.java:321)
	at com.topcoder.management.phase.autopilot.AutoPilot.advanceProjects(AutoPilot.java:272)
	at com.topcoder.management.phase.autopilot.AutoPilotJob.execute(AutoPilotJob.java:332)
	at com.topcoder.management.phase.autopilot.AutoPilotJob.run(AutoPilotJob.java:301)
	at java.lang.Thread.run(Unknown Source)
Caused by: com.topcoder.management.phase.PhaseHandlingException: Problem with sending email
	at com.cronos.onlinereview.phases.AbstractPhaseHandler.sendEmail(AbstractPhaseHandler.java:696)
	at com.cronos.onlinereview.phases.AbstractPhaseHandler.sendEmail(AbstractPhaseHandler.java:480)
	at com.cronos.onlinereview.phases.RegistrationPhaseHandler.perform(RegistrationPhaseHandler.java:235)
	at com.cronos.onlinereview.phases.PRRegistrationPhaseHandler.perform(PRRegistrationPhaseHandler.java:52)
	at com.topcoder.management.phase.DefaultPhaseManager.start(DefaultPhaseManager.java:587)
	at com.topcoder.management.phase.autopilot.impl.DefaultProjectPilot.doPhaseOperation(DefaultProjectPilot.java:467)
	... 8 more
Caused by: com.topcoder.message.email.SendingException: Possible configuration error. SMTP server is not responding.{mail.from=service@topcodersoftware.com, mail.transport.protocol=smtp, mail.smtp.host=localhost, mail.host=localhost}
	at com.topcoder.message.email.EmailEngine.send(EmailEngine.java:506)
	at com.topcoder.message.email.EmailEngine.send(EmailEngine.java:328)
	at com.cronos.onlinereview.phases.AbstractPhaseHandler.sendEmail(AbstractPhaseHandler.java:679)
	... 13 more
Caused by: javax.mail.SendFailedException: Sending failed;
  nested exception is:
	class javax.mail.SendFailedException: Invalid Addresses;
  nested exception is:
	class javax.mail.SendFailedException: 550 <foo@fooonyou.com>, Recipient unknown

	at javax.mail.Transport.send0(Transport.java:218)
	at javax.mail.Transport.send(Transport.java:80)
	at com.topcoder.message.email.EmailEngine.send(EmailEngine.java:500)
	... 15 more

2010-09-01 19:27:06,390 -- ERROR Thread-2 class com.topcoder.message.email.EmailEngine - Failed to contact SMTP server
javax.mail.SendFailedException: Sending failed;
  nested exception is:
	class javax.mail.SendFailedException: Invalid Addresses;
  nested exception is:
	class javax.mail.SendFailedException: 550 <foo@fooonyou.com>, Recipient unknown

	at javax.mail.Transport.send0(Transport.java:218)
	at javax.mail.Transport.send(Transport.java:80)
	at com.topcoder.message.email.EmailEngine.send(EmailEngine.java:500)
	at com.topcoder.message.email.EmailEngine.send(EmailEngine.java:328)
	at com.cronos.onlinereview.phases.AbstractPhaseHandler.sendEmail(AbstractPhaseHandler.java:679)
	at com.cronos.onlinereview.phases.AbstractPhaseHandler.sendEmail(AbstractPhaseHandler.java:480)
	at com.cronos.onlinereview.phases.RegistrationPhaseHandler.perform(RegistrationPhaseHandler.java:235)
	at com.cronos.onlinereview.phases.PRRegistrationPhaseHandler.perform(PRRegistrationPhaseHandler.java:52)
	at com.topcoder.management.phase.DefaultPhaseManager.start(DefaultPhaseManager.java:587)
	at com.topcoder.management.phase.autopilot.impl.DefaultProjectPilot.doPhaseOperation(DefaultProjectPilot.java:467)
	at com.topcoder.management.phase.autopilot.impl.DefaultProjectPilot.processPhase(DefaultProjectPilot.java:420)
	at com.topcoder.management.phase.autopilot.impl.DefaultProjectPilot.advancePhases(DefaultProjectPilot.java:366)
	at com.topcoder.management.phase.autopilot.AutoPilot.advanceProject(AutoPilot.java:355)
	at com.topcoder.management.phase.autopilot.AutoPilot.advanceProjects(AutoPilot.java:321)
	at com.topcoder.management.phase.autopilot.AutoPilot.advanceProjects(AutoPilot.java:272)
	at com.topcoder.management.phase.autopilot.AutoPilotJob.execute(AutoPilotJob.java:332)
	at com.topcoder.management.phase.autopilot.AutoPilotJob.run(AutoPilotJob.java:301)
	at java.lang.Thread.run(Unknown Source)
2010-09-01 19:27:06,390 -- ERROR Thread-2 com.topcoder.management.phase.autopilot.impl.DefaultProjectPilot - fail to start the phase cause of phase management exception
2010-09-01 19:27:06,390 -- ERROR Thread-2 com.topcoder.management.phase.autopilot.impl.DefaultProjectPilot - Wed Sep 01 19:27:06 EEST 2010 - Error occurs while trying to advance phases of project with id 291, stack trace : com.topcoder.management.phase.autopilot.PhaseOperationException: fail to start the phase cause of phase management exception
	at com.topcoder.management.phase.autopilot.impl.DefaultProjectPilot.doPhaseOperation(DefaultProjectPilot.java:473)
	at com.topcoder.management.phase.autopilot.impl.DefaultProjectPilot.processPhase(DefaultProjectPilot.java:420)
	at com.topcoder.management.phase.autopilot.impl.DefaultProjectPilot.advancePhases(DefaultProjectPilot.java:366)
	at com.topcoder.management.phase.autopilot.AutoPilot.advanceProject(AutoPilot.java:355)
	at com.topcoder.management.phase.autopilot.AutoPilot.advanceProjects(AutoPilot.java:321)
	at com.topcoder.management.phase.autopilot.AutoPilot.advanceProjects(AutoPilot.java:272)
	at com.topcoder.management.phase.autopilot.AutoPilotJob.execute(AutoPilotJob.java:332)
	at com.topcoder.management.phase.autopilot.AutoPilotJob.run(AutoPilotJob.java:301)
	at java.lang.Thread.run(Unknown Source)
Caused by: com.topcoder.management.phase.PhaseHandlingException: Problem with sending email
	at com.cronos.onlinereview.phases.AbstractPhaseHandler.sendEmail(AbstractPhaseHandler.java:696)
	at com.cronos.onlinereview.phases.AbstractPhaseHandler.sendEmail(AbstractPhaseHandler.java:480)
	at com.cronos.onlinereview.phases.RegistrationPhaseHandler.perform(RegistrationPhaseHandler.java:235)
	at com.cronos.onlinereview.phases.PRRegistrationPhaseHandler.perform(PRRegistrationPhaseHandler.java:52)
	at com.topcoder.management.phase.DefaultPhaseManager.start(DefaultPhaseManager.java:587)
	at com.topcoder.management.phase.autopilot.impl.DefaultProjectPilot.doPhaseOperation(DefaultProjectPilot.java:467)
	... 8 more
Caused by: com.topcoder.message.email.SendingException: Possible configuration error. SMTP server is not responding.{mail.from=service@topcodersoftware.com, mail.transport.protocol=smtp, mail.smtp.host=localhost, mail.host=localhost}
	at com.topcoder.message.email.EmailEngine.send(EmailEngine.java:506)
	at com.topcoder.message.email.EmailEngine.send(EmailEngine.java:328)
	at com.cronos.onlinereview.phases.AbstractPhaseHandler.sendEmail(AbstractPhaseHandler.java:679)
	... 13 more
Caused by: javax.mail.SendFailedException: Sending failed;
  nested exception is:
	class javax.mail.SendFailedException: Invalid Addresses;
  nested exception is:
	class javax.mail.SendFailedException: 550 <foo@fooonyou.com>, Recipient unknown

	at javax.mail.Transport.send0(Transport.java:218)
	at javax.mail.Transport.send(Transport.java:80)
	at com.topcoder.message.email.EmailEngine.send(EmailEngine.java:500)
	... 15 more

2010-09-01 19:28:05,328 -- ERROR Thread-3 class com.topcoder.message.email.EmailEngine - Failed to contact SMTP server
javax.mail.SendFailedException: Sending failed;
  nested exception is:
	class javax.mail.SendFailedException: Invalid Addresses;
  nested exception is:
	class javax.mail.SendFailedException: 550 <foo@fooonyou.com>, Recipient unknown

	at javax.mail.Transport.send0(Transport.java:218)
	at javax.mail.Transport.send(Transport.java:80)
	at com.topcoder.message.email.EmailEngine.send(EmailEngine.java:500)
	at com.topcoder.message.email.EmailEngine.send(EmailEngine.java:328)
	at com.cronos.onlinereview.phases.AbstractPhaseHandler.sendEmail(AbstractPhaseHandler.java:679)
	at com.cronos.onlinereview.phases.AbstractPhaseHandler.sendEmail(AbstractPhaseHandler.java:480)
	at com.cronos.onlinereview.phases.RegistrationPhaseHandler.perform(RegistrationPhaseHandler.java:235)
	at com.cronos.onlinereview.phases.PRRegistrationPhaseHandler.perform(PRRegistrationPhaseHandler.java:52)
	at com.topcoder.management.phase.DefaultPhaseManager.start(DefaultPhaseManager.java:587)
	at com.topcoder.management.phase.autopilot.impl.DefaultProjectPilot.doPhaseOperation(DefaultProjectPilot.java:467)
	at com.topcoder.management.phase.autopilot.impl.DefaultProjectPilot.processPhase(DefaultProjectPilot.java:420)
	at com.topcoder.management.phase.autopilot.impl.DefaultProjectPilot.advancePhases(DefaultProjectPilot.java:366)
	at com.topcoder.management.phase.autopilot.AutoPilot.advanceProject(AutoPilot.java:355)
	at com.topcoder.management.phase.autopilot.AutoPilot.advanceProjects(AutoPilot.java:321)
	at com.topcoder.management.phase.autopilot.AutoPilot.advanceProjects(AutoPilot.java:272)
	at com.topcoder.management.phase.autopilot.AutoPilotJob.execute(AutoPilotJob.java:332)
	at com.topcoder.management.phase.autopilot.AutoPilotJob.run(AutoPilotJob.java:301)
	at java.lang.Thread.run(Unknown Source)
2010-09-01 19:28:05,343 -- ERROR Thread-3 com.topcoder.management.phase.autopilot.impl.DefaultProjectPilot - fail to start the phase cause of phase management exception
2010-09-01 19:28:05,343 -- ERROR Thread-3 com.topcoder.management.phase.autopilot.impl.DefaultProjectPilot - Wed Sep 01 19:28:05 EEST 2010 - Error occurs while trying to advance phases of project with id 291, stack trace : com.topcoder.management.phase.autopilot.PhaseOperationException: fail to start the phase cause of phase management exception
	at com.topcoder.management.phase.autopilot.impl.DefaultProjectPilot.doPhaseOperation(DefaultProjectPilot.java:473)
	at com.topcoder.management.phase.autopilot.impl.DefaultProjectPilot.processPhase(DefaultProjectPilot.java:420)
	at com.topcoder.management.phase.autopilot.impl.DefaultProjectPilot.advancePhases(DefaultProjectPilot.java:366)
	at com.topcoder.management.phase.autopilot.AutoPilot.advanceProject(AutoPilot.java:355)
	at com.topcoder.management.phase.autopilot.AutoPilot.advanceProjects(AutoPilot.java:321)
	at com.topcoder.management.phase.autopilot.AutoPilot.advanceProjects(AutoPilot.java:272)
	at com.topcoder.management.phase.autopilot.AutoPilotJob.execute(AutoPilotJob.java:332)
	at com.topcoder.management.phase.autopilot.AutoPilotJob.run(AutoPilotJob.java:301)
	at java.lang.Thread.run(Unknown Source)
Caused by: com.topcoder.management.phase.PhaseHandlingException: Problem with sending email
	at com.cronos.onlinereview.phases.AbstractPhaseHandler.sendEmail(AbstractPhaseHandler.java:696)
	at com.cronos.onlinereview.phases.AbstractPhaseHandler.sendEmail(AbstractPhaseHandler.java:480)
	at com.cronos.onlinereview.phases.RegistrationPhaseHandler.perform(RegistrationPhaseHandler.java:235)
	at com.cronos.onlinereview.phases.PRRegistrationPhaseHandler.perform(PRRegistrationPhaseHandler.java:52)
	at com.topcoder.management.phase.DefaultPhaseManager.start(DefaultPhaseManager.java:587)
	at com.topcoder.management.phase.autopilot.impl.DefaultProjectPilot.doPhaseOperation(DefaultProjectPilot.java:467)
	... 8 more
Caused by: com.topcoder.message.email.SendingException: Possible configuration error. SMTP server is not responding.{mail.from=service@topcodersoftware.com, mail.transport.protocol=smtp, mail.smtp.host=localhost, mail.host=localhost}
	at com.topcoder.message.email.EmailEngine.send(EmailEngine.java:506)
	at com.topcoder.message.email.EmailEngine.send(EmailEngine.java:328)
	at com.cronos.onlinereview.phases.AbstractPhaseHandler.sendEmail(AbstractPhaseHandler.java:679)
	... 13 more
Caused by: javax.mail.SendFailedException: Sending failed;
  nested exception is:
	class javax.mail.SendFailedException: Invalid Addresses;
  nested exception is:
	class javax.mail.SendFailedException: 550 <foo@fooonyou.com>, Recipient unknown

	at javax.mail.Transport.send0(Transport.java:218)
	at javax.mail.Transport.send(Transport.java:80)
	at com.topcoder.message.email.EmailEngine.send(EmailEngine.java:500)
	... 15 more

